[debug] [2025-01-24T09:14:07.890Z] ----------------------------------------------------------------------
[debug] [2025-01-24T09:14:07.893Z] Command:       C:\Program Files\nodejs\node.exe C:\Users\ALEX\AppData\Roaming\npm\node_modules\firebase-tools\lib\bin\firebase.js init
[debug] [2025-01-24T09:14:07.894Z] CLI Version:   13.29.2
[debug] [2025-01-24T09:14:07.894Z] Platform:      win32
[debug] [2025-01-24T09:14:07.894Z] Node Version:  v20.12.0
[debug] [2025-01-24T09:14:07.894Z] Time:          Fri Jan 24 2025 10:14:07 GMT+0100 (hora estándar de Europa central)
[debug] [2025-01-24T09:14:07.894Z] ----------------------------------------------------------------------
[debug] 
[debug] [2025-01-24T09:14:07.902Z] > command requires scopes: ["email","openid","https://www.googleapis.com/auth/cloudplatformprojects.readonly","https://www.googleapis.com/auth/firebase","https://www.googleapis.com/auth/cloud-platform"]
[debug] [2025-01-24T09:14:07.902Z] > authorizing via signed-in user (alexgarcialeganes@gmail.com)
[info] 
     ######## #### ########  ######## ########     ###     ######  ########
     ##        ##  ##     ## ##       ##     ##  ##   ##  ##       ##
     ######    ##  ########  ######   ########  #########  ######  ######
     ##        ##  ##    ##  ##       ##     ## ##     ##       ## ##
     ##       #### ##     ## ######## ########  ##     ##  ######  ########

You're about to initialize a Firebase project in this directory:

  C:\Users\ALEX\former-force

[info] 
=== Project Setup
[info] 
[info] First, let's associate this project directory with a Firebase project.
[info] You can create multiple project aliases by running firebase use --add, 
[info] but for now we'll just set up a default project.
[info] 
[debug] [2025-01-24T09:14:19.982Z] Checked if tokens are valid: true, expires at: 1737713587448
[debug] [2025-01-24T09:14:19.982Z] Checked if tokens are valid: true, expires at: 1737713587448
[debug] [2025-01-24T09:14:19.983Z] >>> [apiv2][query] GET https://firebase.googleapis.com/v1beta1/projects pageSize=100
[debug] [2025-01-24T09:14:20.547Z] <<< [apiv2][status] GET https://firebase.googleapis.com/v1beta1/projects 200
[debug] [2025-01-24T09:14:20.547Z] <<< [apiv2][body] GET https://firebase.googleapis.com/v1beta1/projects [omitted]
[info] i  Using project practica8-f4be4 (practica8) 
[info] 
=== Hosting Setup
[debug] [2025-01-24T09:14:25.284Z] Checked if tokens are valid: true, expires at: 1737713587448
[debug] [2025-01-24T09:14:25.284Z] Checked if tokens are valid: true, expires at: 1737713587448
[debug] [2025-01-24T09:14:25.284Z] >>> [apiv2][query] GET https://firebase.googleapis.com/v1beta1/projects/practica8-f4be4 [none]
[debug] [2025-01-24T09:14:25.476Z] <<< [apiv2][status] GET https://firebase.googleapis.com/v1beta1/projects/practica8-f4be4 200
[debug] [2025-01-24T09:14:25.476Z] <<< [apiv2][body] GET https://firebase.googleapis.com/v1beta1/projects/practica8-f4be4 {"projectId":"practica8-f4be4","projectNumber":"931970918543","displayName":"practica8","name":"projects/practica8-f4be4","resources":{"hostingSite":"practica8-f4be4","realtimeDatabaseInstance":"practica8-f4be4-default-rtdb"},"state":"ACTIVE","etag":"1_37d5778e-b5d2-44da-9113-59599bbe3c18"}
[info] 
[info] i  Detected a .git folder at C:\Users\ALEX\former-force 
[info] i  Authorizing with GitHub to upload your service account to a GitHub repository's secrets store. 
[info] 
[info] Visit this URL on this device to log in:
[info] https://github.com/login/oauth/authorize?client_id=89cf50f02ac6aaed3484&state=43741596&redirect_uri=http%3A%2F%2Flocalhost%3A9005&scope=read%3Auser%20repo%20public_repo
[info] 
[info] Waiting for authentication...
[debug] [2025-01-24T09:15:24.492Z] >>> [apiv2][query] POST https://github.com/login/oauth/access_token [none]
[debug] [2025-01-24T09:15:24.493Z] >>> [apiv2][body] POST https://github.com/login/oauth/access_token [stream]
[debug] [2025-01-24T09:15:24.789Z] <<< [apiv2][status] POST https://github.com/login/oauth/access_token 200
[debug] [2025-01-24T09:15:24.790Z] <<< [apiv2][body] POST https://github.com/login/oauth/access_token {"access_token":"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","token_type":"bearer","scope":"read:user,repo"}
[debug] [2025-01-24T09:15:24.791Z] >>> [apiv2][query] GET https://api.github.com/user [none]
[debug] [2025-01-24T09:15:25.105Z] <<< [apiv2][status] GET https://api.github.com/user 200
[debug] [2025-01-24T09:15:25.105Z] <<< [apiv2][body] GET https://api.github.com/user {"login":"alexparre","id":147043805,"node_id":"U_kgDOCMO13Q","avatar_url":"https://avatars.githubusercontent.com/u/147043805?v=4","gravatar_id":"","url":"https://api.github.com/users/alexparre","html_url":"https://github.com/alexparre","followers_url":"https://api.github.com/users/alexparre/followers","following_url":"https://api.github.com/users/alexparre/following{/other_user}","gists_url":"https://api.github.com/users/alexparre/gists{/gist_id}","starred_url":"https://api.github.com/users/alexparre/starred{/owner}{/repo}","subscriptions_url":"https://api.github.com/users/alexparre/subscriptions","organizations_url":"https://api.github.com/users/alexparre/orgs","repos_url":"https://api.github.com/users/alexparre/repos","events_url":"https://api.github.com/users/alexparre/events{/privacy}","received_events_url":"https://api.github.com/users/alexparre/received_events","type":"User","user_view_type":"private","site_admin":false,"name":"Alejandro Garcia","company":null,"blog":"","location":null,"email":null,"hireable":null,"bio":null,"twitter_username":null,"notification_email":null,"public_repos":12,"public_gists":0,"followers":0,"following":0,"created_at":"2023-10-05T09:04:22Z","updated_at":"2025-01-08T09:11:05Z","private_gists":0,"total_private_repos":0,"owned_private_repos":0,"disk_usage":3992,"collaborators":0,"two_factor_authentication":false,"plan":{"name":"free","space":976562499,"collaborators":0,"private_repos":10000}}
[info] 
[info] +  Success! Logged into GitHub as alexparre 
[info] 
[debug] [2025-01-24T09:18:38.198Z] >>> [apiv2][query] GET https://api.github.com/repos/alexparre/former-force/actions/secrets/public-key type=owner
[debug] [2025-01-24T09:18:38.443Z] <<< [apiv2][status] GET https://api.github.com/repos/alexparre/former-force/actions/secrets/public-key 404
[debug] [2025-01-24T09:18:38.443Z] <<< [apiv2][body] GET https://api.github.com/repos/alexparre/former-force/actions/secrets/public-key {"message":"Not Found","documentation_url":"https://docs.github.com/rest/actions/secrets#get-a-repository-public-key","status":"404"}
[info] 
[info] 
[error] !  The provided authorization cannot be used with this repository. If this repository is in an organization, did you remember to grant access? 
[info] 
[info] i  Action required: Visit this URL to ensure access has been granted to the appropriate organization(s) for the Firebase CLI GitHub OAuth App: 
[info] https://github.com/settings/connections/applications/89cf50f02ac6aaed3484
[info] 
[debug] [2025-01-24T09:18:46.478Z] >>> [apiv2][query] GET https://api.github.com/repos/alexparre/former-force/actions/secrets/public-key type=owner
[debug] [2025-01-24T09:18:46.716Z] <<< [apiv2][status] GET https://api.github.com/repos/alexparre/former-force/actions/secrets/public-key 404
[debug] [2025-01-24T09:18:46.716Z] <<< [apiv2][body] GET https://api.github.com/repos/alexparre/former-force/actions/secrets/public-key {"message":"Not Found","documentation_url":"https://docs.github.com/rest/actions/secrets#get-a-repository-public-key","status":"404"}
[info] 
[info] 
[error] !  The provided authorization cannot be used with this repository. If this repository is in an organization, did you remember to grant access? 
[info] 
[info] i  Action required: Visit this URL to ensure access has been granted to the appropriate organization(s) for the Firebase CLI GitHub OAuth App: 
[info] https://github.com/settings/connections/applications/89cf50f02ac6aaed3484
[info] 
